[+] Containers:
 |- [+] Container: /Game/VehicleTemplate/Maps/VehicleExampleMap
 |   |- [+] ActorDescs:
 |   |   |- Guid:13FCD6B5495DB127960F74B6BDC43CBB BaseClass: NativeClass:/Script/Engine.StaticMeshActor Name:StaticMeshActor_14 Label:SM_Cylinder2 SpatiallyLoaded:1 Bounds:IsValid=true, Min=(X=-825.000 Y=325.000 Z=0.000), Max=(X=-775.000 Y=375.000 Z=150.000) RuntimeGrid:None EditorOnly:0 RuntimeOnly:0 HLODRelevant:0 FolderPath:Obstacles/Bollards FolderGuid:6FA7726D48C50C2F676EE28F88CF905C
 |   |   |- Guid:171313D0407C3F64D2D4B296EC558C63 BaseClass: NativeClass:/Script/Landscape.LandscapeStreamingProxy Name:LandscapeStreamingProxy_BN55SI9ETKGRY904720BQHPG3_1_1_0_0 Label:LandscapeStreamingProxy_1_0_0 SpatiallyLoaded:1 Bounds:IsValid=true, Min=(X=0.000 Y=-12600.000 Z=-100.000), Max=(X=12600.000 Y=0.000 Z=100.000) RuntimeGrid:None EditorOnly:0 RuntimeOnly:0 HLODRelevant:1
 |   |   |- Guid:1B9C08E3400E30F4F7522E9A4C9880C6 BaseClass: NativeClass:/Script/Engine.StaticMeshActor Name:StaticMeshActor_0 Label:SM_Cube5 SpatiallyLoaded:1 Bounds:IsValid=true, Min=(X=12500.000 Y=-12600.000 Z=0.000), Max=(X=12600.002 Y=12500.000 Z=300.000) RuntimeGrid:None EditorOnly:0 RuntimeOnly:0 HLODRelevant:1 FolderPath:Landscape FolderGuid:912F765E4714A1DB296369A3E4390900
 |   |   |- Guid:21188B07490D3865E81115A7716F6B45 BaseClass: NativeClass:/Script/Engine.StaticMeshActor Name:StaticMeshActor_4 Label:SM_Cube4 SpatiallyLoaded:1 Bounds:IsValid=true, Min=(X=-12600.000 Y=-12600.001 Z=0.000), Max=(X=12500.000 Y=-12500.000 Z=300.000) RuntimeGrid:None EditorOnly:0 RuntimeOnly:0 HLODRelevant:1 FolderPath:Landscape FolderGuid:912F765E4714A1DB296369A3E4390900
 |   |   |- Guid:212057124CFA331FFD9E089090410427 BaseClass:/Game/Racing/Checkpoint/BP_checkPoint.BP_checkPoint_C NativeClass:/Script/Engine.Actor Name:BP_checkPoint_C_UAID_80B65553D594A26C01_2012794719 Label:BP_checkPoint SpatiallyLoaded:1 Bounds:IsValid=true, Min=(X=7775.253 Y=-9570.327 Z=-4.250), Max=(X=8064.747 Y=-8469.673 Z=388.500) RuntimeGrid:None EditorOnly:0 RuntimeOnly:0 HLODRelevant:0
 |   |   |- Guid:25E856F042412E1485596BAE8A5ABA38 BaseClass: NativeClass:/Script/Landscape.LandscapeStreamingProxy Name:LandscapeStreamingProxy_BN55SI9ETKGRY904720BQHPG3_1_0_0_0 Label:LandscapeStreamingProxy_0_0_0 SpatiallyLoaded:1 Bounds:IsValid=true, Min=(X=-12600.000 Y=-12600.000 Z=-100.000), Max=(X=0.000 Y=0.000 Z=100.000) RuntimeGrid:None EditorOnly:0 RuntimeOnly:0 HLODRelevant:1
 |   |   |- Guid:26094E23406E270AB9AB2ABCC1B91E88 BaseClass: NativeClass:/Script/Engine.StaticMeshActor Name:StaticMeshActor_10 Label:SM_Cylinder8 SpatiallyLoaded:1 Bounds:IsValid=true, Min=(X=-1049.678 Y=-6700.000 Z=-12.292), Max=(X=-950.322 Y=-6100.645 Z=12.292) RuntimeGrid:None EditorOnly:0 RuntimeOnly:0 HLODRelevant:1 FolderPath:Obstacles/Roadbumps FolderGuid:FEEBC32E4868314ED344A2BDA4C895E1
 |   |   |- Guid:29E1EA034793BEF51467BC86356B2246 BaseClass: NativeClass:/Script/Foliage.InstancedFoliageActor Name:InstancedFoliageActor_UAID_80B65553D594A46C01_2053929074 Label:InstancedFoliageActor SpatiallyLoaded:1 Bounds:IsValid=true, Min=(X=-0.500 Y=-0.500 Z=-0.500), Max=(X=0.500 Y=0.500 Z=0.500) RuntimeGrid:None EditorOnly:0 RuntimeOnly:0 HLODRelevant:0
 |   |   |- Guid:30EAA9A240617F0B842ADDB0F48E3EB5 BaseClass: NativeClass:/Script/Engine.StaticMeshActor Name:StaticMeshActor_15 Label:SM_Cylinder3 SpatiallyLoaded:1 Bounds:IsValid=true, Min=(X=-25.000 Y=325.000 Z=0.000), Max=(X=25.000 Y=375.000 Z=150.000) RuntimeGrid:None EditorOnly:0 RuntimeOnly:0 HLODRelevant:0 FolderPath:Obstacles/Bollards FolderGuid:6FA7726D48C50C2F676EE28F88CF905C
 |   |   |- Guid:38BA235F44DB4A4B061CA182DD15C39C BaseClass: NativeClass:/Script/Engine.StaticMeshActor Name:StaticMeshActor_UAID_80B65553D594C16C01_2086920176 Label:S_Old_Wooden_Log_wcokfh1_lod3_Var1 SpatiallyLoaded:1 Bounds:IsValid=true, Min=(X=-7061.776 Y=-7861.331 Z=-23.888), Max=(X=-6698.253 Y=-7818.798 Z=23.877) RuntimeGrid:None EditorOnly:0 RuntimeOnly:0 HLODRelevant:1
 |   |   |- Guid:3AC542C64D20AAA5213F08B4500F4835 BaseClass: NativeClass:/Script/Engine.StaticMeshActor Name:StaticMeshActor_19 Label:SM_Cylinder11 SpatiallyLoaded:1 Bounds:IsValid=true, Min=(X=-450.000 Y=-6700.000 Z=-12.615), Max=(X=-350.000 Y=-6100.000 Z=12.615) RuntimeGrid:None EditorOnly:0 RuntimeOnly:0 HLODRelevant:1 FolderPath:Obstacles/Roadbumps FolderGuid:FEEBC32E4868314ED344A2BDA4C895E1
 |   |   |- Guid:42222583414F5A63E99546B2AB99F054 BaseClass: NativeClass:/Script/Engine.StaticMeshActor Name:StaticMeshActor_18 Label:SM_Cylinder6 SpatiallyLoaded:1 Bounds:IsValid=true, Min=(X=2375.000 Y=325.000 Z=0.000), Max=(X=2425.000 Y=375.000 Z=150.000) RuntimeGrid:None EditorOnly:0 RuntimeOnly:0 HLODRelevant:0 FolderPath:Obstacles/Bollards FolderGuid:6FA7726D48C50C2F676EE28F88CF905C
 |   |   |- Guid:4F643C4D43E679C894F00BBBF16ED2EA BaseClass: NativeClass:/Script/Engine.StaticMeshActor Name:StaticMeshActor_13 Label:SM_Cylinder SpatiallyLoaded:1 Bounds:IsValid=true, Min=(X=-1625.000 Y=325.000 Z=0.000), Max=(X=-1575.000 Y=375.000 Z=150.000) RuntimeGrid:None EditorOnly:0 RuntimeOnly:0 HLODRelevant:0 FolderPath:Obstacles/Bollards FolderGuid:6FA7726D48C50C2F676EE28F88CF905C
 |   |   |- Guid:53C7258943CF749528C764B4D5903760 BaseClass: NativeClass:/Script/Engine.StaticMeshActor Name:StaticMeshActor_5 Label:SM_Cube6 SpatiallyLoaded:1 Bounds:IsValid=true, Min=(X=-12500.001 Y=12500.001 Z=0.000), Max=(X=12599.999 Y=12600.003 Z=300.000) RuntimeGrid:None EditorOnly:0 RuntimeOnly:0 HLODRelevant:1 FolderPath:Landscape FolderGuid:912F765E4714A1DB296369A3E4390900
 |   |   |- Guid:573C47164F0C83566F30698561D049D5 BaseClass:/Game/Racing/Checkpoint/BP_checkPoint.BP_checkPoint_C NativeClass:/Script/Engine.Actor Name:BP_checkPoint_C_UAID_80B65553D594C16C01_2127573178 Label:BP_checkPoint3 SpatiallyLoaded:1 Bounds:IsValid=true, Min=(X=-2272.730 Y=3231.129 Z=20.380), Max=(X=-1636.127 Y=4233.757 Z=413.130) RuntimeGrid:None EditorOnly:0 RuntimeOnly:0 HLODRelevant:0
 |   |   |- Guid:62B351BB423B9EABD5AE849DD1DFC408 BaseClass: NativeClass:/Script/Engine.VolumetricCloud Name:VolumetricCloud_0 Label:VolumetricCloud SpatiallyLoaded:0 Bounds:IsValid=true, Min=(X=-12600.000 Y=-12600.000 Z=720.000), Max=(X=-12600.000 Y=-12600.000 Z=720.000) RuntimeGrid:None EditorOnly:0 RuntimeOnly:0 HLODRelevant:0 FolderPath:Lighting FolderGuid:602030AD4CB26C050EF7B98FCA62FBCA
 |   |   |- Guid:6A1C7CE945AD720405A2B8A0CDC31EEA BaseClass: NativeClass:/Script/Engine.WorldDataLayers Name:WorldDataLayers Label:WorldDataLayers-1 SpatiallyLoaded:0 Bounds:IsValid=true, Min=(X=0.000 Y=0.000 Z=0.000), Max=(X=0.000 Y=0.000 Z=0.000) RuntimeGrid:None EditorOnly:0 RuntimeOnly:0 HLODRelevant:0
 |   |   |- Guid:6B337CAD4C563049716FB399D124EC3D BaseClass: NativeClass:/Script/Engine.SkyLight Name:SkyLight_1 Label:SkyLight SpatiallyLoaded:0 Bounds:IsValid=true, Min=(X=-12600.000 Y=-12600.000 Z=590.000), Max=(X=-12600.000 Y=-12600.000 Z=590.000) RuntimeGrid:None EditorOnly:0 RuntimeOnly:0 HLODRelevant:0 FolderPath:Lighting FolderGuid:602030AD4CB26C050EF7B98FCA62FBCA
 |   |   |- Guid:6C62788144E17A979226A4BA49BE9805 BaseClass: NativeClass:/Script/Landscape.LandscapeSplineActor Name:LandscapeSplineActor_0 Label:LandscapeSplineActor SpatiallyLoaded:1 Bounds:IsValid=true, Min=(X=-12285.941 Y=-11292.042 Z=-1187.772), Max=(X=12264.775 Y=11401.982 Z=8313.494) RuntimeGrid:None EditorOnly:0 RuntimeOnly:0 HLODRelevant:1
 |   |   |- Guid:701349444CCFAEDA5180B7994D6285C9 BaseClass: NativeClass:/Script/Engine.StaticMeshActor Name:StaticMeshActor_9 Label:SM_Cylinder7 SpatiallyLoaded:1 Bounds:IsValid=true, Min=(X=-1238.452 Y=-6700.000 Z=-12.292), Max=(X=-1139.097 Y=-6100.645 Z=12.292) RuntimeGrid:None EditorOnly:0 RuntimeOnly:0 HLODRelevant:1 FolderPath:Obstacles/Roadbumps FolderGuid:FEEBC32E4868314ED344A2BDA4C895E1
 |   |   |- Guid:72FBA45F474AD6B89F11049FCA83748F BaseClass: NativeClass:/Script/Engine.StaticMeshActor Name:StaticMeshActor_UAID_A4AE111137DC5DFB00_1630210247 Label:SM_SkySphere SpatiallyLoaded:1 Bounds:IsValid=true, Min=(X=-1639424.000 Y=-1639424.000 Z=-1639424.000), Max=(X=1639424.000 Y=1639424.000 Z=1639424.000) RuntimeGrid:None EditorOnly:0 RuntimeOnly:0 HLODRelevant:1 FolderPath:Lighting FolderGuid:602030AD4CB26C050EF7B98FCA62FBCA
 |   |   |- Guid:792164FE4D85B78C5D0DE5BE2EE8CD05 BaseClass: NativeClass:/Script/Engine.StaticMeshActor Name:StaticMeshActor_6 Label:SM_Cube7 SpatiallyLoaded:1 Bounds:IsValid=true, Min=(X=-12600.003 Y=-12500.001 Z=0.000), Max=(X=-12500.001 Y=12599.999 Z=300.000) RuntimeGrid:None EditorOnly:0 RuntimeOnly:0 HLODRelevant:1 FolderPath:Landscape FolderGuid:912F765E4714A1DB296369A3E4390900
 |   |   |- Guid:821B67014D2227B20AC881B28B94CCFD BaseClass: NativeClass:/Script/Engine.StaticMeshActor Name:StaticMeshActor_16 Label:SM_Cylinder4 SpatiallyLoaded:1 Bounds:IsValid=true, Min=(X=775.000 Y=325.000 Z=0.000), Max=(X=825.000 Y=375.000 Z=150.000) RuntimeGrid:None EditorOnly:0 RuntimeOnly:0 HLODRelevant:0 FolderPath:Obstacles/Bollards FolderGuid:6FA7726D48C50C2F676EE28F88CF905C
 |   |   |- Guid:8942204244955EFDD4413CB18C612766 BaseClass: NativeClass:/Script/Engine.StaticMeshActor Name:StaticMeshActor_UAID_80B65553D594C16C01_2081464175 Label:S_Tundra_Boulder_viurcczaw_lod3_Var2 SpatiallyLoaded:1 Bounds:IsValid=true, Min=(X=-6188.080 Y=-8156.701 Z=-1.993), Max=(X=-5811.651 Y=-7863.749 Z=113.455) RuntimeGrid:None EditorOnly:0 RuntimeOnly:0 HLODRelevant:1
 |   |   |- Guid:8C0FA1084325C13D99C659A1CE031414 BaseClass: NativeClass:/Script/Engine.PlayerStart Name:PlayerStart_1 Label:PlayerStart SpatiallyLoaded:0 Bounds:IsValid=true, Min=(X=10200.000 Y=-6410.000 Z=9.935), Max=(X=10280.000 Y=-6330.000 Z=101.935) RuntimeGrid:None EditorOnly:0 RuntimeOnly:0 HLODRelevant:0
 |   |   |- Guid:9E4E57CE4708317902C0B09718AC5624 BaseClass: NativeClass:/Script/Engine.StaticMeshActor Name:StaticMeshActor_UAID_80B65553D594C16C01_2088714177 Label:S_Old_Wooden_Log_wcokfh1_lod3_Var2 SpatiallyLoaded:1 Bounds:IsValid=true, Min=(X=-7051.776 Y=-7911.331 Z=-23.888), Max=(X=-6688.253 Y=-7868.798 Z=23.877) RuntimeGrid:None EditorOnly:0 RuntimeOnly:0 HLODRelevant:1
 |   |   |- Guid:9FD96FAB4FB39DA5CB1E7E9CB5BBDEC8 BaseClass:/Game/Racing/Checkpoint/BP_checkPoint.BP_checkPoint_C NativeClass:/Script/Engine.Actor Name:BP_checkPoint_C_UAID_80B65553D594C26C01_1131691357 Label:BP_checkPoint6 SpatiallyLoaded:1 Bounds:IsValid=true, Min=(X=-10773.932 Y=-6475.096 Z=15.750), Max=(X=-9706.068 Y=-6004.904 Z=408.500) RuntimeGrid:None EditorOnly:0 RuntimeOnly:0 HLODRelevant:0
 |   |   |- Guid:A5D6E6BB46BAC15E6D356990E1F7F480 BaseClass: NativeClass:/Script/Engine.DirectionalLight Name:DirectionalLight_0 Label:DirectionalLight SpatiallyLoaded:0 Bounds:IsValid=true, Min=(X=-1048576.000 Y=-1048576.000 Z=-1048576.000), Max=(X=1048576.000 Y=1048576.000 Z=1048576.000) RuntimeGrid:None EditorOnly:0 RuntimeOnly:0 HLODRelevant:0 FolderPath:Lighting FolderGuid:602030AD4CB26C050EF7B98FCA62FBCA
 |   |   |- Guid:A6ABCCAF4857AE8E40E6228F0FECD123 BaseClass: NativeClass:/Script/Landscape.Landscape Name:Landscape_0 Label:Landscape SpatiallyLoaded:0 Bounds:IsValid=true, Min=(X=-25200.000 Y=-25200.000 Z=0.000), Max=(X=-25200.000 Y=-25200.000 Z=0.000) RuntimeGrid:None EditorOnly:0 RuntimeOnly:0 HLODRelevant:0 FolderPath:Landscape FolderGuid:912F765E4714A1DB296369A3E4390900
 |   |   |- Guid:A7D32B684CC538C609A7CB8559388FCD BaseClass: NativeClass:/Script/Engine.StaticMeshActor Name:StaticMeshActor_17 Label:SM_Cylinder5 SpatiallyLoaded:1 Bounds:IsValid=true, Min=(X=1575.000 Y=325.000 Z=0.000), Max=(X=1625.000 Y=375.000 Z=150.000) RuntimeGrid:None EditorOnly:0 RuntimeOnly:0 HLODRelevant:0 FolderPath:Obstacles/Bollards FolderGuid:6FA7726D48C50C2F676EE28F88CF905C
 |   |   |- Guid:AB3D653A48C4F01FAA4F39A2698C3518 BaseClass: NativeClass:/Script/Engine.SkyAtmosphere Name:SkyAtmosphere_0 Label:SkyAtmosphere SpatiallyLoaded:0 Bounds:IsValid=true, Min=(X=-12600.000 Y=-12600.000 Z=920.000), Max=(X=-12600.000 Y=-12600.000 Z=920.000) RuntimeGrid:None EditorOnly:0 RuntimeOnly:0 HLODRelevant:0 FolderPath:Lighting FolderGuid:602030AD4CB26C050EF7B98FCA62FBCA
 |   |   |- Guid:B19AD5CB4A2752A6DF871F9FA056DBCB BaseClass:/Game/Racing/Checkpoint/BP_checkPoint.BP_checkPoint_C NativeClass:/Script/Engine.Actor Name:BP_checkPoint_C_UAID_80B65553D594BA6C01_1867251943 Label:BP_checkPoint2 SpatiallyLoaded:1 Bounds:IsValid=true, Min=(X=2920.000 Y=9080.000 Z=15.750), Max=(X=3020.000 Y=10180.000 Z=408.500) RuntimeGrid:None EditorOnly:0 RuntimeOnly:0 HLODRelevant:0
 |   |   |- Guid:BADB0C4C4CE2AFEBE0E228BE26D71AC6 BaseClass: NativeClass:/Script/Landscape.LandscapeStreamingProxy Name:LandscapeStreamingProxy_BN55SI9ETKGRY904720BQHPG3_1_0_1_0 Label:LandscapeStreamingProxy_0_1_0 SpatiallyLoaded:1 Bounds:IsValid=true, Min=(X=-12600.000 Y=0.000 Z=-100.000), Max=(X=0.000 Y=12600.000 Z=100.000) RuntimeGrid:None EditorOnly:0 RuntimeOnly:0 HLODRelevant:1
 |   |   |- Guid:CA3C0F6345B2DA9E299ED5BEE611655B BaseClass: NativeClass:/Script/Engine.ExponentialHeightFog Name:ExponentialHeightFog_0 Label:ExponentialHeightFog SpatiallyLoaded:0 Bounds:IsValid=true, Min=(X=-18200.000 Y=-12650.000 Z=-6950.000), Max=(X=-18200.000 Y=-12650.000 Z=-6950.000) RuntimeGrid:None EditorOnly:0 RuntimeOnly:0 HLODRelevant:0 FolderPath:Lighting FolderGuid:602030AD4CB26C050EF7B98FCA62FBCA
 |   |   |- Guid:D5CE1A3946843967B0D1A493A9ED5CF6 BaseClass: NativeClass:/Script/Engine.PostProcessVolume Name:PostProcessVolume_0 Label:PostProcessVolume SpatiallyLoaded:0 Bounds:IsValid=true, Min=(X=-12600.000 Y=-12600.000 Z=300.000), Max=(X=-12400.000 Y=-12400.000 Z=500.000) RuntimeGrid:None EditorOnly:0 RuntimeOnly:0 HLODRelevant:0 FolderPath:Lighting FolderGuid:602030AD4CB26C050EF7B98FCA62FBCA
 |   |   |- Guid:D921DD30490999B0CF5228921589CFE1 BaseClass: NativeClass:/Script/Engine.StaticMeshActor Name:StaticMeshActor_11 Label:SM_Cylinder9 SpatiallyLoaded:1 Bounds:IsValid=true, Min=(X=-850.000 Y=-6700.000 Z=-12.615), Max=(X=-750.000 Y=-6100.000 Z=12.615) RuntimeGrid:None EditorOnly:0 RuntimeOnly:0 HLODRelevant:1 FolderPath:Obstacles/Roadbumps FolderGuid:FEEBC32E4868314ED344A2BDA4C895E1
 |   |   |- Guid:DB51ECF7439E5272D96AEF83EF77B392 BaseClass: NativeClass:/Script/Landscape.LandscapeStreamingProxy Name:LandscapeStreamingProxy_BN55SI9ETKGRY904720BQHPG3_1_1_1_0 Label:LandscapeStreamingProxy_1_1_0 SpatiallyLoaded:1 Bounds:IsValid=true, Min=(X=0.000 Y=0.000 Z=-100.000), Max=(X=12600.000 Y=12600.000 Z=100.000) RuntimeGrid:None EditorOnly:0 RuntimeOnly:0 HLODRelevant:1
 |   |   |- Guid:DE10FE284CFC96E52BA67B94A10E32C4 BaseClass:/Game/Racing/Checkpoint/BP_checkPoint.BP_checkPoint_C NativeClass:/Script/Engine.Actor Name:BP_checkPoint_C_UAID_80B65553D594C26C01_1106888355 Label:BP_checkPoint4 SpatiallyLoaded:1 Bounds:IsValid=true, Min=(X=6430.000 Y=1050.000 Z=15.750), Max=(X=7530.000 Y=1150.000 Z=408.500) RuntimeGrid:None EditorOnly:0 RuntimeOnly:0 HLODRelevant:0
 |   |   |- Guid:DFC79CA345E786D076E97CBA795DF572 BaseClass: NativeClass:/Script/Engine.StaticMeshActor Name:StaticMeshActor_UAID_80B65553D594A46C01_1919102072 Label:S_Tundra_Boulder_viurcczaw_lod3_Var1 SpatiallyLoaded:1 Bounds:IsValid=true, Min=(X=11311.920 Y=-3156.701 Z=8.007), Max=(X=11688.349 Y=-2863.749 Z=123.455) RuntimeGrid:None EditorOnly:0 RuntimeOnly:0 HLODRelevant:1
 |   |   |- Guid:ED8CF03C42199205E34F359A7EEBFC74 BaseClass: NativeClass:/Script/Engine.StaticMeshActor Name:StaticMeshActor_12 Label:SM_Cylinder10 SpatiallyLoaded:1 Bounds:IsValid=true, Min=(X=-650.000 Y=-6700.000 Z=-12.615), Max=(X=-550.000 Y=-6100.000 Z=12.615) RuntimeGrid:None EditorOnly:0 RuntimeOnly:0 HLODRelevant:1 FolderPath:Obstacles/Roadbumps FolderGuid:FEEBC32E4868314ED344A2BDA4C895E1
 |   |   |- Guid:F371A47D4EBE5AF08DEEC195963538B7 BaseClass:/Game/Racing/Checkpoint/BP_checkPoint.BP_checkPoint_C NativeClass:/Script/Engine.Actor Name:BP_checkPoint_C_UAID_80B65553D594C26C01_1119712356 Label:BP_checkPoint5 SpatiallyLoaded:1 Bounds:IsValid=true, Min=(X=-4981.835 Y=-2433.464 Z=15.750), Max=(X=-4198.165 Y=-1526.536 Z=408.500) RuntimeGrid:None EditorOnly:0 RuntimeOnly:0 HLODRelevant:0
 |   |   |- Guid:F7763965458B9B0D050004918C8F0665 BaseClass: NativeClass:/Script/Engine.StaticMeshActor Name:StaticMeshActor_20 Label:SM_Cylinder12 SpatiallyLoaded:1 Bounds:IsValid=true, Min=(X=-250.000 Y=-6700.000 Z=-12.615), Max=(X=-150.000 Y=-6100.000 Z=12.615) RuntimeGrid:None EditorOnly:0 RuntimeOnly:0 HLODRelevant:1 FolderPath:Obstacles/Roadbumps FolderGuid:FEEBC32E4868314ED344A2BDA4C895E1
 |   |   |- Guid:FD06D98F4BDE1A797FF3D0AA6658BD2E BaseClass: NativeClass:/Script/Engine.TextRenderActor Name:TextRenderActor_1 Label:TextRenderActor SpatiallyLoaded:1 Bounds:IsValid=true, Min=(X=-12610.004 Y=-661.458 Z=70.598), Max=(X=-12609.996 Y=661.619 Z=270.598) RuntimeGrid:None EditorOnly:0 RuntimeOnly:0 HLODRelevant:0
 |   |   |- Guid:FE940E9D4142F2EB7C67CFB2075812B2 BaseClass: NativeClass:/Script/Engine.StaticMeshActor Name:StaticMeshActor_UAID_80B65553D594A56C01_1619596428 Label:S_Silver_Downy_Willow_wloiebaqx_Var10_lod1 SpatiallyLoaded:1 Bounds:IsValid=true, Min=(X=11300.000 Y=-6400.000 Z=0.000), Max=(X=11300.000 Y=-6400.000 Z=0.000) RuntimeGrid:None EditorOnly:0 RuntimeOnly:0 HLODRelevant:0
 |   |- [+] Clusters:
 |   |   |- [+] [  0]
 |   |   |   |- Guid:9E4E57CE4708317902C0B09718AC5624 BaseClass: NativeClass:/Script/Engine.StaticMeshActor Name:StaticMeshActor_UAID_80B65553D594C16C01_2088714177 Label:S_Old_Wooden_Log_wcokfh1_lod3_Var2 SpatiallyLoaded:1 Bounds:IsValid=true, Min=(X=-7051.776 Y=-7911.331 Z=-23.888), Max=(X=-6688.253 Y=-7868.798 Z=23.877) RuntimeGrid:None EditorOnly:0 RuntimeOnly:0 HLODRelevant:1
 |   |   |- [+] [  1]
 |   |   |   |- Guid:FE940E9D4142F2EB7C67CFB2075812B2 BaseClass: NativeClass:/Script/Engine.StaticMeshActor Name:StaticMeshActor_UAID_80B65553D594A56C01_1619596428 Label:S_Silver_Downy_Willow_wloiebaqx_Var10_lod1 SpatiallyLoaded:1 Bounds:IsValid=true, Min=(X=11300.000 Y=-6400.000 Z=0.000), Max=(X=11300.000 Y=-6400.000 Z=0.000) RuntimeGrid:None EditorOnly:0 RuntimeOnly:0 HLODRelevant:0
 |   |   |- [+] [  2]
 |   |   |   |- Guid:DE10FE284CFC96E52BA67B94A10E32C4 BaseClass:/Game/Racing/Checkpoint/BP_checkPoint.BP_checkPoint_C NativeClass:/Script/Engine.Actor Name:BP_checkPoint_C_UAID_80B65553D594C26C01_1106888355 Label:BP_checkPoint4 SpatiallyLoaded:1 Bounds:IsValid=true, Min=(X=6430.000 Y=1050.000 Z=15.750), Max=(X=7530.000 Y=1150.000 Z=408.500) RuntimeGrid:None EditorOnly:0 RuntimeOnly:0 HLODRelevant:0
 |   |   |- [+] [  3]
 |   |   |   |- Guid:8C0FA1084325C13D99C659A1CE031414 BaseClass: NativeClass:/Script/Engine.PlayerStart Name:PlayerStart_1 Label:PlayerStart SpatiallyLoaded:0 Bounds:IsValid=true, Min=(X=10200.000 Y=-6410.000 Z=9.935), Max=(X=10280.000 Y=-6330.000 Z=101.935) RuntimeGrid:None EditorOnly:0 RuntimeOnly:0 HLODRelevant:0
 |   |   |- [+] [  4]
 |   |   |   |- Guid:212057124CFA331FFD9E089090410427 BaseClass:/Game/Racing/Checkpoint/BP_checkPoint.BP_checkPoint_C NativeClass:/Script/Engine.Actor Name:BP_checkPoint_C_UAID_80B65553D594A26C01_2012794719 Label:BP_checkPoint SpatiallyLoaded:1 Bounds:IsValid=true, Min=(X=7775.253 Y=-9570.327 Z=-4.250), Max=(X=8064.747 Y=-8469.673 Z=388.500) RuntimeGrid:None EditorOnly:0 RuntimeOnly:0 HLODRelevant:0
 |   |   |- [+] [  5]
 |   |   |   |- Guid:F7763965458B9B0D050004918C8F0665 BaseClass: NativeClass:/Script/Engine.StaticMeshActor Name:StaticMeshActor_20 Label:SM_Cylinder12 SpatiallyLoaded:1 Bounds:IsValid=true, Min=(X=-250.000 Y=-6700.000 Z=-12.615), Max=(X=-150.000 Y=-6100.000 Z=12.615) RuntimeGrid:None EditorOnly:0 RuntimeOnly:0 HLODRelevant:1 FolderPath:Obstacles/Roadbumps FolderGuid:FEEBC32E4868314ED344A2BDA4C895E1
 |   |   |- [+] [  6]
 |   |   |   |- Guid:25E856F042412E1485596BAE8A5ABA38 BaseClass: NativeClass:/Script/Landscape.LandscapeStreamingProxy Name:LandscapeStreamingProxy_BN55SI9ETKGRY904720BQHPG3_1_0_0_0 Label:LandscapeStreamingProxy_0_0_0 SpatiallyLoaded:1 Bounds:IsValid=true, Min=(X=-12600.000 Y=-12600.000 Z=-100.000), Max=(X=0.000 Y=0.000 Z=100.000) RuntimeGrid:None EditorOnly:0 RuntimeOnly:0 HLODRelevant:1
 |   |   |- [+] [  7]
 |   |   |   |- Guid:D921DD30490999B0CF5228921589CFE1 BaseClass: NativeClass:/Script/Engine.StaticMeshActor Name:StaticMeshActor_11 Label:SM_Cylinder9 SpatiallyLoaded:1 Bounds:IsValid=true, Min=(X=-850.000 Y=-6700.000 Z=-12.615), Max=(X=-750.000 Y=-6100.000 Z=12.615) RuntimeGrid:None EditorOnly:0 RuntimeOnly:0 HLODRelevant:1 FolderPath:Obstacles/Roadbumps FolderGuid:FEEBC32E4868314ED344A2BDA4C895E1
 |   |   |- [+] [  8]
 |   |   |   |- Guid:F371A47D4EBE5AF08DEEC195963538B7 BaseClass:/Game/Racing/Checkpoint/BP_checkPoint.BP_checkPoint_C NativeClass:/Script/Engine.Actor Name:BP_checkPoint_C_UAID_80B65553D594C26C01_1119712356 Label:BP_checkPoint5 SpatiallyLoaded:1 Bounds:IsValid=true, Min=(X=-4981.835 Y=-2433.464 Z=15.750), Max=(X=-4198.165 Y=-1526.536 Z=408.500) RuntimeGrid:None EditorOnly:0 RuntimeOnly:0 HLODRelevant:0
 |   |   |- [+] [  9]
 |   |   |   |- Guid:6A1C7CE945AD720405A2B8A0CDC31EEA BaseClass: NativeClass:/Script/Engine.WorldDataLayers Name:WorldDataLayers Label:WorldDataLayers-1 SpatiallyLoaded:0 Bounds:IsValid=true, Min=(X=0.000 Y=0.000 Z=0.000), Max=(X=0.000 Y=0.000 Z=0.000) RuntimeGrid:None EditorOnly:0 RuntimeOnly:0 HLODRelevant:0
 |   |   |- [+] [ 10]
 |   |   |   |- Guid:30EAA9A240617F0B842ADDB0F48E3EB5 BaseClass: NativeClass:/Script/Engine.StaticMeshActor Name:StaticMeshActor_15 Label:SM_Cylinder3 SpatiallyLoaded:1 Bounds:IsValid=true, Min=(X=-25.000 Y=325.000 Z=0.000), Max=(X=25.000 Y=375.000 Z=150.000) RuntimeGrid:None EditorOnly:0 RuntimeOnly:0 HLODRelevant:0 FolderPath:Obstacles/Bollards FolderGuid:6FA7726D48C50C2F676EE28F88CF905C
 |   |   |- [+] [ 11]
 |   |   |   |- Guid:53C7258943CF749528C764B4D5903760 BaseClass: NativeClass:/Script/Engine.StaticMeshActor Name:StaticMeshActor_5 Label:SM_Cube6 SpatiallyLoaded:1 Bounds:IsValid=true, Min=(X=-12500.001 Y=12500.001 Z=0.000), Max=(X=12599.999 Y=12600.003 Z=300.000) RuntimeGrid:None EditorOnly:0 RuntimeOnly:0 HLODRelevant:1 FolderPath:Landscape FolderGuid:912F765E4714A1DB296369A3E4390900
 |   |   |- [+] [ 12]
 |   |   |   |- Guid:6B337CAD4C563049716FB399D124EC3D BaseClass: NativeClass:/Script/Engine.SkyLight Name:SkyLight_1 Label:SkyLight SpatiallyLoaded:0 Bounds:IsValid=true, Min=(X=-12600.000 Y=-12600.000 Z=590.000), Max=(X=-12600.000 Y=-12600.000 Z=590.000) RuntimeGrid:None EditorOnly:0 RuntimeOnly:0 HLODRelevant:0 FolderPath:Lighting FolderGuid:602030AD4CB26C050EF7B98FCA62FBCA
 |   |   |- [+] [ 13]
 |   |   |   |- Guid:DFC79CA345E786D076E97CBA795DF572 BaseClass: NativeClass:/Script/Engine.StaticMeshActor Name:StaticMeshActor_UAID_80B65553D594A46C01_1919102072 Label:S_Tundra_Boulder_viurcczaw_lod3_Var1 SpatiallyLoaded:1 Bounds:IsValid=true, Min=(X=11311.920 Y=-3156.701 Z=8.007), Max=(X=11688.349 Y=-2863.749 Z=123.455) RuntimeGrid:None EditorOnly:0 RuntimeOnly:0 HLODRelevant:1
 |   |   |- [+] [ 14]
 |   |   |   |- Guid:4F643C4D43E679C894F00BBBF16ED2EA BaseClass: NativeClass:/Script/Engine.StaticMeshActor Name:StaticMeshActor_13 Label:SM_Cylinder SpatiallyLoaded:1 Bounds:IsValid=true, Min=(X=-1625.000 Y=325.000 Z=0.000), Max=(X=-1575.000 Y=375.000 Z=150.000) RuntimeGrid:None EditorOnly:0 RuntimeOnly:0 HLODRelevant:0 FolderPath:Obstacles/Bollards FolderGuid:6FA7726D48C50C2F676EE28F88CF905C
 |   |   |- [+] [ 15]
 |   |   |   |- Guid:38BA235F44DB4A4B061CA182DD15C39C BaseClass: NativeClass:/Script/Engine.StaticMeshActor Name:StaticMeshActor_UAID_80B65553D594C16C01_2086920176 Label:S_Old_Wooden_Log_wcokfh1_lod3_Var1 SpatiallyLoaded:1 Bounds:IsValid=true, Min=(X=-7061.776 Y=-7861.331 Z=-23.888), Max=(X=-6698.253 Y=-7818.798 Z=23.877) RuntimeGrid:None EditorOnly:0 RuntimeOnly:0 HLODRelevant:1
 |   |   |- [+] [ 16]
 |   |   |   |- Guid:72FBA45F474AD6B89F11049FCA83748F BaseClass: NativeClass:/Script/Engine.StaticMeshActor Name:StaticMeshActor_UAID_A4AE111137DC5DFB00_1630210247 Label:SM_SkySphere SpatiallyLoaded:1 Bounds:IsValid=true, Min=(X=-1639424.000 Y=-1639424.000 Z=-1639424.000), Max=(X=1639424.000 Y=1639424.000 Z=1639424.000) RuntimeGrid:None EditorOnly:0 RuntimeOnly:0 HLODRelevant:1 FolderPath:Lighting FolderGuid:602030AD4CB26C050EF7B98FCA62FBCA
 |   |   |- [+] [ 17]
 |   |   |   |- Guid:29E1EA034793BEF51467BC86356B2246 BaseClass: NativeClass:/Script/Foliage.InstancedFoliageActor Name:InstancedFoliageActor_UAID_80B65553D594A46C01_2053929074 Label:InstancedFoliageActor SpatiallyLoaded:1 Bounds:IsValid=true, Min=(X=-0.500 Y=-0.500 Z=-0.500), Max=(X=0.500 Y=0.500 Z=0.500) RuntimeGrid:None EditorOnly:0 RuntimeOnly:0 HLODRelevant:0
 |   |   |- [+] [ 18]
 |   |   |   |- Guid:573C47164F0C83566F30698561D049D5 BaseClass:/Game/Racing/Checkpoint/BP_checkPoint.BP_checkPoint_C NativeClass:/Script/Engine.Actor Name:BP_checkPoint_C_UAID_80B65553D594C16C01_2127573178 Label:BP_checkPoint3 SpatiallyLoaded:1 Bounds:IsValid=true, Min=(X=-2272.730 Y=3231.129 Z=20.380), Max=(X=-1636.127 Y=4233.757 Z=413.130) RuntimeGrid:None EditorOnly:0 RuntimeOnly:0 HLODRelevant:0
 |   |   |- [+] [ 19]
 |   |   |   |- Guid:DB51ECF7439E5272D96AEF83EF77B392 BaseClass: NativeClass:/Script/Landscape.LandscapeStreamingProxy Name:LandscapeStreamingProxy_BN55SI9ETKGRY904720BQHPG3_1_1_1_0 Label:LandscapeStreamingProxy_1_1_0 SpatiallyLoaded:1 Bounds:IsValid=true, Min=(X=0.000 Y=0.000 Z=-100.000), Max=(X=12600.000 Y=12600.000 Z=100.000) RuntimeGrid:None EditorOnly:0 RuntimeOnly:0 HLODRelevant:1
 |   |   |- [+] [ 20]
 |   |   |   |- Guid:BADB0C4C4CE2AFEBE0E228BE26D71AC6 BaseClass: NativeClass:/Script/Landscape.LandscapeStreamingProxy Name:LandscapeStreamingProxy_BN55SI9ETKGRY904720BQHPG3_1_0_1_0 Label:LandscapeStreamingProxy_0_1_0 SpatiallyLoaded:1 Bounds:IsValid=true, Min=(X=-12600.000 Y=0.000 Z=-100.000), Max=(X=0.000 Y=12600.000 Z=100.000) RuntimeGrid:None EditorOnly:0 RuntimeOnly:0 HLODRelevant:1
 |   |   |- [+] [ 21]
 |   |   |   |- Guid:1B9C08E3400E30F4F7522E9A4C9880C6 BaseClass: NativeClass:/Script/Engine.StaticMeshActor Name:StaticMeshActor_0 Label:SM_Cube5 SpatiallyLoaded:1 Bounds:IsValid=true, Min=(X=12500.000 Y=-12600.000 Z=0.000), Max=(X=12600.002 Y=12500.000 Z=300.000) RuntimeGrid:None EditorOnly:0 RuntimeOnly:0 HLODRelevant:1 FolderPath:Landscape FolderGuid:912F765E4714A1DB296369A3E4390900
 |   |   |- [+] [ 22]
 |   |   |   |- Guid:62B351BB423B9EABD5AE849DD1DFC408 BaseClass: NativeClass:/Script/Engine.VolumetricCloud Name:VolumetricCloud_0 Label:VolumetricCloud SpatiallyLoaded:0 Bounds:IsValid=true, Min=(X=-12600.000 Y=-12600.000 Z=720.000), Max=(X=-12600.000 Y=-12600.000 Z=720.000) RuntimeGrid:None EditorOnly:0 RuntimeOnly:0 HLODRelevant:0 FolderPath:Lighting FolderGuid:602030AD4CB26C050EF7B98FCA62FBCA
 |   |   |- [+] [ 23]
 |   |   |   |- Guid:A6ABCCAF4857AE8E40E6228F0FECD123 BaseClass: NativeClass:/Script/Landscape.Landscape Name:Landscape_0 Label:Landscape SpatiallyLoaded:0 Bounds:IsValid=true, Min=(X=-25200.000 Y=-25200.000 Z=0.000), Max=(X=-25200.000 Y=-25200.000 Z=0.000) RuntimeGrid:None EditorOnly:0 RuntimeOnly:0 HLODRelevant:0 FolderPath:Landscape FolderGuid:912F765E4714A1DB296369A3E4390900
 |   |   |- [+] [ 24]
 |   |   |   |- Guid:26094E23406E270AB9AB2ABCC1B91E88 BaseClass: NativeClass:/Script/Engine.StaticMeshActor Name:StaticMeshActor_10 Label:SM_Cylinder8 SpatiallyLoaded:1 Bounds:IsValid=true, Min=(X=-1049.678 Y=-6700.000 Z=-12.292), Max=(X=-950.322 Y=-6100.645 Z=12.292) RuntimeGrid:None EditorOnly:0 RuntimeOnly:0 HLODRelevant:1 FolderPath:Obstacles/Roadbumps FolderGuid:FEEBC32E4868314ED344A2BDA4C895E1
 |   |   |- [+] [ 25]
 |   |   |   |- Guid:8942204244955EFDD4413CB18C612766 BaseClass: NativeClass:/Script/Engine.StaticMeshActor Name:StaticMeshActor_UAID_80B65553D594C16C01_2081464175 Label:S_Tundra_Boulder_viurcczaw_lod3_Var2 SpatiallyLoaded:1 Bounds:IsValid=true, Min=(X=-6188.080 Y=-8156.701 Z=-1.993), Max=(X=-5811.651 Y=-7863.749 Z=113.455) RuntimeGrid:None EditorOnly:0 RuntimeOnly:0 HLODRelevant:1
 |   |   |- [+] [ 26]
 |   |   |   |- Guid:42222583414F5A63E99546B2AB99F054 BaseClass: NativeClass:/Script/Engine.StaticMeshActor Name:StaticMeshActor_18 Label:SM_Cylinder6 SpatiallyLoaded:1 Bounds:IsValid=true, Min=(X=2375.000 Y=325.000 Z=0.000), Max=(X=2425.000 Y=375.000 Z=150.000) RuntimeGrid:None EditorOnly:0 RuntimeOnly:0 HLODRelevant:0 FolderPath:Obstacles/Bollards FolderGuid:6FA7726D48C50C2F676EE28F88CF905C
 |   |   |- [+] [ 27]
 |   |   |   |- Guid:CA3C0F6345B2DA9E299ED5BEE611655B BaseClass: NativeClass:/Script/Engine.ExponentialHeightFog Name:ExponentialHeightFog_0 Label:ExponentialHeightFog SpatiallyLoaded:0 Bounds:IsValid=true, Min=(X=-18200.000 Y=-12650.000 Z=-6950.000), Max=(X=-18200.000 Y=-12650.000 Z=-6950.000) RuntimeGrid:None EditorOnly:0 RuntimeOnly:0 HLODRelevant:0 FolderPath:Lighting FolderGuid:602030AD4CB26C050EF7B98FCA62FBCA
 |   |   |- [+] [ 28]
 |   |   |   |- Guid:13FCD6B5495DB127960F74B6BDC43CBB BaseClass: NativeClass:/Script/Engine.StaticMeshActor Name:StaticMeshActor_14 Label:SM_Cylinder2 SpatiallyLoaded:1 Bounds:IsValid=true, Min=(X=-825.000 Y=325.000 Z=0.000), Max=(X=-775.000 Y=375.000 Z=150.000) RuntimeGrid:None EditorOnly:0 RuntimeOnly:0 HLODRelevant:0 FolderPath:Obstacles/Bollards FolderGuid:6FA7726D48C50C2F676EE28F88CF905C
 |   |   |- [+] [ 29]
 |   |   |   |- Guid:21188B07490D3865E81115A7716F6B45 BaseClass: NativeClass:/Script/Engine.StaticMeshActor Name:StaticMeshActor_4 Label:SM_Cube4 SpatiallyLoaded:1 Bounds:IsValid=true, Min=(X=-12600.000 Y=-12600.001 Z=0.000), Max=(X=12500.000 Y=-12500.000 Z=300.000) RuntimeGrid:None EditorOnly:0 RuntimeOnly:0 HLODRelevant:1 FolderPath:Landscape FolderGuid:912F765E4714A1DB296369A3E4390900
 |   |   |- [+] [ 30]
 |   |   |   |- Guid:A7D32B684CC538C609A7CB8559388FCD BaseClass: NativeClass:/Script/Engine.StaticMeshActor Name:StaticMeshActor_17 Label:SM_Cylinder5 SpatiallyLoaded:1 Bounds:IsValid=true, Min=(X=1575.000 Y=325.000 Z=0.000), Max=(X=1625.000 Y=375.000 Z=150.000) RuntimeGrid:None EditorOnly:0 RuntimeOnly:0 HLODRelevant:0 FolderPath:Obstacles/Bollards FolderGuid:6FA7726D48C50C2F676EE28F88CF905C
 |   |   |- [+] [ 31]
 |   |   |   |- Guid:FD06D98F4BDE1A797FF3D0AA6658BD2E BaseClass: NativeClass:/Script/Engine.TextRenderActor Name:TextRenderActor_1 Label:TextRenderActor SpatiallyLoaded:1 Bounds:IsValid=true, Min=(X=-12610.004 Y=-661.458 Z=70.598), Max=(X=-12609.996 Y=661.619 Z=270.598) RuntimeGrid:None EditorOnly:0 RuntimeOnly:0 HLODRelevant:0
 |   |   |- [+] [ 32]
 |   |   |   |- Guid:9FD96FAB4FB39DA5CB1E7E9CB5BBDEC8 BaseClass:/Game/Racing/Checkpoint/BP_checkPoint.BP_checkPoint_C NativeClass:/Script/Engine.Actor Name:BP_checkPoint_C_UAID_80B65553D594C26C01_1131691357 Label:BP_checkPoint6 SpatiallyLoaded:1 Bounds:IsValid=true, Min=(X=-10773.932 Y=-6475.096 Z=15.750), Max=(X=-9706.068 Y=-6004.904 Z=408.500) RuntimeGrid:None EditorOnly:0 RuntimeOnly:0 HLODRelevant:0
 |   |   |- [+] [ 33]
 |   |   |   |- Guid:D5CE1A3946843967B0D1A493A9ED5CF6 BaseClass: NativeClass:/Script/Engine.PostProcessVolume Name:PostProcessVolume_0 Label:PostProcessVolume SpatiallyLoaded:0 Bounds:IsValid=true, Min=(X=-12600.000 Y=-12600.000 Z=300.000), Max=(X=-12400.000 Y=-12400.000 Z=500.000) RuntimeGrid:None EditorOnly:0 RuntimeOnly:0 HLODRelevant:0 FolderPath:Lighting FolderGuid:602030AD4CB26C050EF7B98FCA62FBCA
 |   |   |- [+] [ 34]
 |   |   |   |- Guid:ED8CF03C42199205E34F359A7EEBFC74 BaseClass: NativeClass:/Script/Engine.StaticMeshActor Name:StaticMeshActor_12 Label:SM_Cylinder10 SpatiallyLoaded:1 Bounds:IsValid=true, Min=(X=-650.000 Y=-6700.000 Z=-12.615), Max=(X=-550.000 Y=-6100.000 Z=12.615) RuntimeGrid:None EditorOnly:0 RuntimeOnly:0 HLODRelevant:1 FolderPath:Obstacles/Roadbumps FolderGuid:FEEBC32E4868314ED344A2BDA4C895E1
 |   |   |- [+] [ 35]
 |   |   |   |- Guid:821B67014D2227B20AC881B28B94CCFD BaseClass: NativeClass:/Script/Engine.StaticMeshActor Name:StaticMeshActor_16 Label:SM_Cylinder4 SpatiallyLoaded:1 Bounds:IsValid=true, Min=(X=775.000 Y=325.000 Z=0.000), Max=(X=825.000 Y=375.000 Z=150.000) RuntimeGrid:None EditorOnly:0 RuntimeOnly:0 HLODRelevant:0 FolderPath:Obstacles/Bollards FolderGuid:6FA7726D48C50C2F676EE28F88CF905C
 |   |   |- [+] [ 36]
 |   |   |   |- Guid:3AC542C64D20AAA5213F08B4500F4835 BaseClass: NativeClass:/Script/Engine.StaticMeshActor Name:StaticMeshActor_19 Label:SM_Cylinder11 SpatiallyLoaded:1 Bounds:IsValid=true, Min=(X=-450.000 Y=-6700.000 Z=-12.615), Max=(X=-350.000 Y=-6100.000 Z=12.615) RuntimeGrid:None EditorOnly:0 RuntimeOnly:0 HLODRelevant:1 FolderPath:Obstacles/Roadbumps FolderGuid:FEEBC32E4868314ED344A2BDA4C895E1
 |   |   |- [+] [ 37]
 |   |   |   |- Guid:6C62788144E17A979226A4BA49BE9805 BaseClass: NativeClass:/Script/Landscape.LandscapeSplineActor Name:LandscapeSplineActor_0 Label:LandscapeSplineActor SpatiallyLoaded:1 Bounds:IsValid=true, Min=(X=-12285.941 Y=-11292.042 Z=-1187.772), Max=(X=12264.775 Y=11401.982 Z=8313.494) RuntimeGrid:None EditorOnly:0 RuntimeOnly:0 HLODRelevant:1
 |   |   |- [+] [ 38]
 |   |   |   |- Guid:171313D0407C3F64D2D4B296EC558C63 BaseClass: NativeClass:/Script/Landscape.LandscapeStreamingProxy Name:LandscapeStreamingProxy_BN55SI9ETKGRY904720BQHPG3_1_1_0_0 Label:LandscapeStreamingProxy_1_0_0 SpatiallyLoaded:1 Bounds:IsValid=true, Min=(X=0.000 Y=-12600.000 Z=-100.000), Max=(X=12600.000 Y=0.000 Z=100.000) RuntimeGrid:None EditorOnly:0 RuntimeOnly:0 HLODRelevant:1
 |   |   |- [+] [ 39]
 |   |   |   |- Guid:B19AD5CB4A2752A6DF871F9FA056DBCB BaseClass:/Game/Racing/Checkpoint/BP_checkPoint.BP_checkPoint_C NativeClass:/Script/Engine.Actor Name:BP_checkPoint_C_UAID_80B65553D594BA6C01_1867251943 Label:BP_checkPoint2 SpatiallyLoaded:1 Bounds:IsValid=true, Min=(X=2920.000 Y=9080.000 Z=15.750), Max=(X=3020.000 Y=10180.000 Z=408.500) RuntimeGrid:None EditorOnly:0 RuntimeOnly:0 HLODRelevant:0
 |   |   |- [+] [ 40]
 |   |   |   |- Guid:A5D6E6BB46BAC15E6D356990E1F7F480 BaseClass: NativeClass:/Script/Engine.DirectionalLight Name:DirectionalLight_0 Label:DirectionalLight SpatiallyLoaded:0 Bounds:IsValid=true, Min=(X=-1048576.000 Y=-1048576.000 Z=-1048576.000), Max=(X=1048576.000 Y=1048576.000 Z=1048576.000) RuntimeGrid:None EditorOnly:0 RuntimeOnly:0 HLODRelevant:0 FolderPath:Lighting FolderGuid:602030AD4CB26C050EF7B98FCA62FBCA
 |   |   |- [+] [ 41]
 |   |   |   |- Guid:792164FE4D85B78C5D0DE5BE2EE8CD05 BaseClass: NativeClass:/Script/Engine.StaticMeshActor Name:StaticMeshActor_6 Label:SM_Cube7 SpatiallyLoaded:1 Bounds:IsValid=true, Min=(X=-12600.003 Y=-12500.001 Z=0.000), Max=(X=-12500.001 Y=12599.999 Z=300.000) RuntimeGrid:None EditorOnly:0 RuntimeOnly:0 HLODRelevant:1 FolderPath:Landscape FolderGuid:912F765E4714A1DB296369A3E4390900
 |   |   |- [+] [ 42]
 |   |   |   |- Guid:701349444CCFAEDA5180B7994D6285C9 BaseClass: NativeClass:/Script/Engine.StaticMeshActor Name:StaticMeshActor_9 Label:SM_Cylinder7 SpatiallyLoaded:1 Bounds:IsValid=true, Min=(X=-1238.452 Y=-6700.000 Z=-12.292), Max=(X=-1139.097 Y=-6100.645 Z=12.292) RuntimeGrid:None EditorOnly:0 RuntimeOnly:0 HLODRelevant:1 FolderPath:Obstacles/Roadbumps FolderGuid:FEEBC32E4868314ED344A2BDA4C895E1
 |   |   |- [+] [ 43]
 |   |   |   |- Guid:AB3D653A48C4F01FAA4F39A2698C3518 BaseClass: NativeClass:/Script/Engine.SkyAtmosphere Name:SkyAtmosphere_0 Label:SkyAtmosphere SpatiallyLoaded:0 Bounds:IsValid=true, Min=(X=-12600.000 Y=-12600.000 Z=920.000), Max=(X=-12600.000 Y=-12600.000 Z=920.000) RuntimeGrid:None EditorOnly:0 RuntimeOnly:0 HLODRelevant:0 FolderPath:Lighting FolderGuid:602030AD4CB26C050EF7B98FCA62FBCA
 |- ContainerInstances:
 |- [+] MainContainer:
 |   |-        ID: 0x0000000000000000
 |   |-    Bounds: IsValid=false, Min=(X=0.000 Y=0.000 Z=0.000), Max=(X=0.000 Y=0.000 Z=0.000)
 |   |- Transform: 0.000000,0.000000,0.000000|0.000000,0.000000,-0.000000|1.000000,1.000000,1.000000
 |   |- Container: /Game/VehicleTemplate/Maps/VehicleExampleMap
----------------------------------------------------------------------------------------------------------------
VehicleExampleMap - Persistent Level
----------------------------------------------------------------------------------------------------------------
Always loaded Actor Count: 51 

----------------------------------------------------------------------------------------------------------------
VehicleExampleMap - Runtime Spatial Hash - Streaming Grid - MainGrid
----------------------------------------------------------------------------------------------------------------
            Origin: X=0.000 Y=0.000 Z=0.000
         Cell Size: 12800
      World Bounds: IsValid=false, Min=(X=0.000 Y=0.000 Z=0.000), Max=(X=0.000 Y=0.000 Z=0.000)
     Loading Range: 25600.00
Block Slow Loading: No
 ClientOnlyVisible: No

[+] Grid Levels: 1
 |- Level  0: Cell Count    0 | Cell Size   12800 | Actor Count    0 (0.0%)

[+] Content of Grid Level 0

